\BOOKMARK [1][-]{section.1}{\376\377\000I\000n\000t\000r\000o\000d\000u\000c\000t\000i\000o\000n}{}% 1
\BOOKMARK [2][-]{subsection.1.1}{\376\377\000B\000a\000c\000k\000g\000r\000o\000u\000n\000d}{section.1}% 2
\BOOKMARK [2][-]{subsection.1.2}{\376\377\000P\000r\000o\000b\000l\000e\000m\000\040\000s\000t\000a\000t\000e\000m\000e\000n\000t}{section.1}% 3
\BOOKMARK [2][-]{subsection.1.3}{\376\377\000O\000b\000j\000e\000c\000t\000i\000v\000e}{section.1}% 4
\BOOKMARK [1][-]{section.2}{\376\377\000l\000i\000t\000e\000r\000a\000t\000u\000r\000e\000\040\000r\000e\000v\000i\000e\000w}{}% 5
\BOOKMARK [2][-]{subsection.2.1}{\376\377\000E\000x\000i\000s\000t\000i\000n\000g\000\040\000p\000r\000o\000g\000r\000a\000m\000s}{section.2}% 6
\BOOKMARK [3][-]{subsubsection.2.1.1}{\376\377\000R\000e\000d\000d\000i\000t}{subsection.2.1}% 7
\BOOKMARK [3][-]{subsubsection.2.1.2}{\376\377\000F\000a\000c\000e\000b\000o\000o\000k}{subsection.2.1}% 8
\BOOKMARK [2][-]{subsection.2.2}{\376\377\000T\000h\000e\000\040\000e\000f\000f\000e\000c\000t\000s\000\040\000o\000n\000\040\000a\000n\000x\000i\000e\000t\000y}{section.2}% 9
\BOOKMARK [2][-]{subsection.2.3}{\376\377\000P\000r\000i\000v\000a\000c\000y\000\040\000a\000n\000d\000\040\000C\000o\000n\000f\000i\000d\000e\000n\000t\000i\000a\000l\000i\000t\000y}{section.2}% 10
\BOOKMARK [1][-]{section.3}{\376\377\000R\000e\000q\000u\000i\000r\000e\000m\000e\000n\000t\000\040\000E\000l\000i\000c\000i\000t\000a\000t\000i\000o\000n}{}% 11
\BOOKMARK [2][-]{subsection.3.1}{\376\377\000I\000d\000e\000n\000t\000i\000f\000y\000i\000n\000g\000\040\000s\000t\000a\000k\000e\000h\000o\000l\000d\000e\000r\000s}{section.3}% 12
\BOOKMARK [2][-]{subsection.3.2}{\376\377\000M\000o\000d\000e\000l\000i\000n\000g\000\040\000t\000h\000e\000\040\000c\000o\000n\000t\000e\000x\000t\000\040\000\050\000S\000C\000O\000P\000E\000\051}{section.3}% 13
\BOOKMARK [2][-]{subsection.3.3}{\376\377\000I\000d\000e\000n\000t\000i\000f\000y\000i\000n\000g\000\040\000s\000c\000e\000n\000a\000r\000i\000o\000s\000\040\000a\000n\000d\000\040\000b\000r\000a\000i\000n\000s\000t\000o\000r\000m\000i\000n\000g}{section.3}% 14
\BOOKMARK [2][-]{subsection.3.4}{\376\377\000A\000n\000a\000l\000y\000z\000i\000n\000g\000\040\000p\000r\000i\000o\000r\000i\000t\000i\000e\000s}{section.3}% 15
\BOOKMARK [1][-]{section.4}{\376\377\000R\000e\000q\000u\000i\000r\000e\000m\000e\000n\000t\000s}{}% 16
\BOOKMARK [2][-]{subsection.4.1}{\376\377\000U\000s\000e\000r\000\040\000r\000e\000q\000u\000i\000r\000e\000m\000e\000n\000t\000s}{section.4}% 17
\BOOKMARK [2][-]{subsection.4.2}{\376\377\000S\000y\000s\000t\000e\000m\000\040\000R\000e\000q\000u\000i\000r\000e\000m\000e\000n\000t\000s}{section.4}% 18
\BOOKMARK [1][-]{section.5}{\376\377\000M\000o\000d\000e\000l\000s\000\040\000a\000n\000d\000\040\000D\000i\000a\000g\000r\000a\000m\000s}{}% 19
\BOOKMARK [2][-]{subsection.5.1}{\376\377\000U\000S\000E\000\040\000C\000A\000S\000E}{section.5}% 20
\BOOKMARK [3][-]{subsubsection.5.1.1}{\376\377\000U\000s\000e\000\040\000c\000a\000s\000e\000s}{subsection.5.1}% 21
\BOOKMARK [2][-]{subsection.5.2}{\376\377\000E\000R\000\040\000D\000i\000a\000g\000r\000a\000m}{section.5}% 22
\BOOKMARK [2][-]{subsection.5.3}{\376\377\000S\000e\000q\000u\000e\000n\000c\000e\000\040\000D\000i\000a\000g\000r\000a\000m\000s}{section.5}% 23
\BOOKMARK [3][-]{subsubsection.5.3.1}{\376\377\000S\000i\000g\000n\000-\000u\000p}{subsection.5.3}% 24
\BOOKMARK [3][-]{subsubsection.5.3.2}{\376\377\000P\000o\000s\000t}{subsection.5.3}% 25
\BOOKMARK [3][-]{subsubsection.5.3.3}{\376\377\000C\000l\000a\000s\000s\000\040\000D\000i\000a\000g\000r\000a\000m}{subsection.5.3}% 26
\BOOKMARK [2][-]{subsection.5.4}{\376\377\000S\000o\000f\000t\000w\000a\000r\000e\000\040\000A\000r\000c\000h\000i\000t\000e\000c\000t\000u\000r\000e}{section.5}% 27
